11/18/23 18:08:18: Running xcd server. This server was built by gradle.
11/18/23 18:08:18: Server was asked to start on port: '50711'
11/18/23 18:08:18: Server is using token UUID: '1e548123-9848-48d1-9aea-fc0e84a0576b'
11/18/23 18:08:18: SESSION_MGR: creating session with session uuid: '6d04a3e9-ade5-4ab9-8d63-1f78fcd2ec76' and name 'default'
11/18/23 18:08:18: Attempting to start server on port '50711'
11/18/23 18:08:18: Running Dispatch Server
11/18/23 18:08:18: Version 2.2.0
11/18/23 18:08:26: Dispatch Server: Accepted socket connection from client
11/18/23 18:08:26: Starting Socket connection
11/18/23 18:08:26: EXCHANGE_TOKEN received, server token: 1e548123-9848-48d1-9aea-fc0e84a0576b, passed token: 1e548123-9848-48d1-9aea-fc0e84a0576b
11/18/23 18:08:26: SESSION_MGR: creating session with session uuid: 'b84b5788-5eba-4d10-b0bd-dec229039f07' and name 'vitis_hls'
11/18/23 18:08:26: KERNEL_SVC: creating session with uuid: 'b84b5788-5eba-4d10-b0bd-dec229039f07' and name 'vitis_hls'
11/18/23 18:08:26: GUIDANCE_SMGR: creating guidance session with uuid: 'b84b5788-5eba-4d10-b0bd-dec229039f07' and name 'vitis_hls'
11/18/23 18:08:43: STOP_SERVER received, server token: 1e548123-9848-48d1-9aea-fc0e84a0576b, passed token: 1e548123-9848-48d1-9aea-fc0e84a0576b
11/18/23 18:08:43: Socket received request to stop server.
11/18/23 18:08:43: Dispatch Server: do_await_stop
11/18/23 18:08:43: SERVER: destructor for server bound to port 50711
11/18/23 18:08:43: Server exiting with status 0.
11/18/23 18:08:43: Closing log file.
11/18/23 18:13:11: Running xcd server. This server was built by gradle.
11/18/23 18:13:11: Server was asked to start on port: '50727'
11/18/23 18:13:11: Server is using token UUID: 'b54f4e3c-fb76-4709-97d4-39e2b4ce6341'
11/18/23 18:13:11: SESSION_MGR: creating session with session uuid: '6d04a3e9-ade5-4ab9-8d63-1f78fcd2ec76' and name 'default'
11/18/23 18:13:11: Attempting to start server on port '50727'
11/18/23 18:13:11: Running Dispatch Server
11/18/23 18:13:11: Version 2.2.0
11/18/23 18:13:20: Dispatch Server: Accepted socket connection from client
11/18/23 18:13:20: Starting Socket connection
11/18/23 18:13:20: EXCHANGE_TOKEN received, server token: b54f4e3c-fb76-4709-97d4-39e2b4ce6341, passed token: b54f4e3c-fb76-4709-97d4-39e2b4ce6341
11/18/23 18:13:20: SESSION_MGR: creating session with session uuid: '2e9aa049-f149-41f6-9094-404b243e46c6' and name 'vitis_hls'
11/18/23 18:13:20: KERNEL_SVC: creating session with uuid: '2e9aa049-f149-41f6-9094-404b243e46c6' and name 'vitis_hls'
11/18/23 18:13:20: GUIDANCE_SMGR: creating guidance session with uuid: '2e9aa049-f149-41f6-9094-404b243e46c6' and name 'vitis_hls'
11/18/23 18:14:01: STOP_SERVER received, server token: b54f4e3c-fb76-4709-97d4-39e2b4ce6341, passed token: b54f4e3c-fb76-4709-97d4-39e2b4ce6341
11/18/23 18:14:01: Socket received request to stop server.
11/18/23 18:14:01: Dispatch Server: do_await_stop
11/18/23 18:14:01: SERVER: destructor for server bound to port 50727
11/18/23 18:14:01: Server exiting with status 0.
11/18/23 18:14:01: Closing log file.
