

================================================================
== Vitis HLS Report for 'lab1'
================================================================
* Date:           Sat Nov 18 18:08:42 2023

* Version:        2022.2 (Build 3670227 on Oct 13 2022)
* Project:        project1
* Solution:       solution1 (Vivado IP Flow Target)
* Product family: spartan7
* Target device:  xc7s100-fgga676-2


================================================================
== Performance Estimates
================================================================
+ Timing: 
    * Summary: 
    +--------+----------+----------+------------+
    |  Clock |  Target  | Estimated| Uncertainty|
    +--------+----------+----------+------------+
    |ap_clk  |  10.00 ns|  1.760 ns|     2.70 ns|
    +--------+----------+----------+------------+

+ Latency: 
    * Summary: 
    +---------+---------+-----------+-----------+-----+-----+---------+
    |  Latency (cycles) |   Latency (absolute)  |  Interval | Pipeline|
    |   min   |   max   |    min    |    max    | min | max |   Type  |
    +---------+---------+-----------+-----------+-----+-----+---------+
    |        3|        3|  30.000 ns|  30.000 ns|    4|    4|       no|
    +---------+---------+-----------+-----------+-----+-----+---------+

    + Detail: 
        * Instance: 
        N/A

        * Loop: 
        N/A

============================================================
+ Verbose Summary: Synthesis Manager
============================================================
InlineROM: 1
ExposeGlobal: 0
============================================================
+ Verbose Summary: CDFG Model
============================================================
IsTopModel: 1
ResetActiveHigh: 1
IsCombinational: 0
IsDatapathOnly: 0
HasWiredReturn: 1
HasMFsm: 0
HasVarLatency: 1
IsPipeline: 0
IsRtlPipelined: 0
IsInstanceOverlapped: 0
IsDontTouch: 0
HasImplIP: 0
IsGatedGlobalClock: 0


============================================================
+ Verbose Summary: Schedule
============================================================
* Number of FSM states : 4
* Pipeline : 0
* Dataflow Pipeline: 0

* FSM state transitions: 
1 --> 2 
2 --> 3 
3 --> 4 
4 --> 

* FSM state operations: 

State 1 <SV = 0> <Delay = 1.38>
ST_1 : Operation 5 [1/1] (0.00ns)   --->   "%b_read = read i16 @_ssdm_op_Read.ap_auto.i16, i16 %b" [project1/project1.cpp:4]   --->   Operation 5 'read' 'b_read' <Predicate = true> <Delay = 0.00>
ST_1 : Operation 6 [1/1] (0.00ns)   --->   "%a_read = read i16 @_ssdm_op_Read.ap_auto.i16, i16 %a" [project1/project1.cpp:4]   --->   Operation 6 'read' 'a_read' <Predicate = true> <Delay = 0.00>
ST_1 : Operation 7 [3/3] (1.38ns) (grouped into DSP with root node result)   --->   "%mul_ln7 = mul i16 %b_read, i16 %a_read" [project1/project1.cpp:7]   --->   Operation 7 'mul' 'mul_ln7' <Predicate = true> <Delay = 1.38> <CoreInst = "DSP48">   --->   Core 119 'DSP48' <Latency = 3> <II = 1> <Delay = 1.82> <IPBlock> <Opcode : 'mul' 'add' 'sub' 'select'> <InPorts = 0> <OutPorts = 1> <Sync> <CReg>

State 2 <SV = 1> <Delay = 1.38>
ST_2 : Operation 8 [2/3] (1.38ns) (grouped into DSP with root node result)   --->   "%mul_ln7 = mul i16 %b_read, i16 %a_read" [project1/project1.cpp:7]   --->   Operation 8 'mul' 'mul_ln7' <Predicate = true> <Delay = 1.38> <CoreInst = "DSP48">   --->   Core 119 'DSP48' <Latency = 3> <II = 1> <Delay = 1.82> <IPBlock> <Opcode : 'mul' 'add' 'sub' 'select'> <InPorts = 0> <OutPorts = 1> <Sync> <CReg>

State 3 <SV = 2> <Delay = 1.76>
ST_3 : Operation 9 [1/1] (0.00ns)   --->   "%c_read = read i16 @_ssdm_op_Read.ap_auto.i16, i16 %c" [project1/project1.cpp:4]   --->   Operation 9 'read' 'c_read' <Predicate = true> <Delay = 0.00>
ST_3 : Operation 10 [1/3] (0.00ns) (grouped into DSP with root node result)   --->   "%mul_ln7 = mul i16 %b_read, i16 %a_read" [project1/project1.cpp:7]   --->   Operation 10 'mul' 'mul_ln7' <Predicate = true> <Delay = 0.00> <CoreInst = "DSP48">   --->   Core 119 'DSP48' <Latency = 3> <II = 1> <Delay = 1.82> <IPBlock> <Opcode : 'mul' 'add' 'sub' 'select'> <InPorts = 0> <OutPorts = 1> <Sync> <CReg>
ST_3 : Operation 11 [2/2] (1.76ns) (root node of the DSP)   --->   "%result = add i16 %mul_ln7, i16 %c_read" [project1/project1.cpp:7]   --->   Operation 11 'add' 'result' <Predicate = true> <Delay = 1.76> <CoreInst = "DSP48">   --->   Core 119 'DSP48' <Latency = 3> <II = 1> <Delay = 1.82> <IPBlock> <Opcode : 'mul' 'add' 'sub' 'select'> <InPorts = 0> <OutPorts = 1> <Sync> <CReg>

State 4 <SV = 3> <Delay = 1.76>
ST_4 : Operation 12 [1/1] (0.00ns)   --->   "%specbitsmap_ln0 = specbitsmap void @_ssdm_op_SpecBitsMap, i16 0"   --->   Operation 12 'specbitsmap' 'specbitsmap_ln0' <Predicate = true> <Delay = 0.00>
ST_4 : Operation 13 [1/1] (0.00ns)   --->   "%spectopmodule_ln4 = spectopmodule void @_ssdm_op_SpecTopModule, void @empty_1" [project1/project1.cpp:4]   --->   Operation 13 'spectopmodule' 'spectopmodule_ln4' <Predicate = true> <Delay = 0.00>
ST_4 : Operation 14 [1/1] (0.00ns)   --->   "%specbitsmap_ln0 = specbitsmap void @_ssdm_op_SpecBitsMap, i16 %a"   --->   Operation 14 'specbitsmap' 'specbitsmap_ln0' <Predicate = true> <Delay = 0.00>
ST_4 : Operation 15 [1/1] (0.00ns)   --->   "%specinterface_ln0 = specinterface void @_ssdm_op_SpecInterface, i16 %a, void @empty, i32 0, i32 0, void @empty_0, i32 0, i32 0, void @empty_0, void @empty_0, void @empty_0, i32 0, i32 0, i32 0, i32 0, void @empty_0, void @empty_0, i32 4294967295, i32 0"   --->   Operation 15 'specinterface' 'specinterface_ln0' <Predicate = true> <Delay = 0.00>
ST_4 : Operation 16 [1/1] (0.00ns)   --->   "%specbitsmap_ln0 = specbitsmap void @_ssdm_op_SpecBitsMap, i16 %b"   --->   Operation 16 'specbitsmap' 'specbitsmap_ln0' <Predicate = true> <Delay = 0.00>
ST_4 : Operation 17 [1/1] (0.00ns)   --->   "%specinterface_ln0 = specinterface void @_ssdm_op_SpecInterface, i16 %b, void @empty, i32 0, i32 0, void @empty_0, i32 0, i32 0, void @empty_0, void @empty_0, void @empty_0, i32 0, i32 0, i32 0, i32 0, void @empty_0, void @empty_0, i32 4294967295, i32 0"   --->   Operation 17 'specinterface' 'specinterface_ln0' <Predicate = true> <Delay = 0.00>
ST_4 : Operation 18 [1/1] (0.00ns)   --->   "%specbitsmap_ln0 = specbitsmap void @_ssdm_op_SpecBitsMap, i16 %c"   --->   Operation 18 'specbitsmap' 'specbitsmap_ln0' <Predicate = true> <Delay = 0.00>
ST_4 : Operation 19 [1/1] (0.00ns)   --->   "%specinterface_ln0 = specinterface void @_ssdm_op_SpecInterface, i16 %c, void @empty, i32 0, i32 0, void @empty_0, i32 0, i32 0, void @empty_0, void @empty_0, void @empty_0, i32 0, i32 0, i32 0, i32 0, void @empty_0, void @empty_0, i32 4294967295, i32 0"   --->   Operation 19 'specinterface' 'specinterface_ln0' <Predicate = true> <Delay = 0.00>
ST_4 : Operation 20 [1/2] (1.76ns) (root node of the DSP)   --->   "%result = add i16 %mul_ln7, i16 %c_read" [project1/project1.cpp:7]   --->   Operation 20 'add' 'result' <Predicate = true> <Delay = 1.76> <CoreInst = "DSP48">   --->   Core 119 'DSP48' <Latency = 3> <II = 1> <Delay = 1.82> <IPBlock> <Opcode : 'mul' 'add' 'sub' 'select'> <InPorts = 0> <OutPorts = 1> <Sync> <CReg>
ST_4 : Operation 21 [1/1] (0.00ns)   --->   "%ret_ln8 = ret i16 %result" [project1/project1.cpp:8]   --->   Operation 21 'ret' 'ret_ln8' <Predicate = true> <Delay = 0.00>


============================================================
+ Verbose Summary: Timing violations
============================================================
Target clock period: 10ns, clock uncertainty: 2.7ns.

 <State 1>: 1.38ns
The critical path consists of the following:
	wire read operation ('b', project1/project1.cpp:4) on port 'b' (project1/project1.cpp:4) [13]  (0 ns)
	'mul' operation of DSP[16] ('mul_ln7', project1/project1.cpp:7) [15]  (1.38 ns)

 <State 2>: 1.38ns
The critical path consists of the following:
	'mul' operation of DSP[16] ('mul_ln7', project1/project1.cpp:7) [15]  (1.38 ns)

 <State 3>: 1.76ns
The critical path consists of the following:
	wire read operation ('c', project1/project1.cpp:4) on port 'c' (project1/project1.cpp:4) [12]  (0 ns)
	'add' operation of DSP[16] ('result', project1/project1.cpp:7) [16]  (1.76 ns)

 <State 4>: 1.76ns
The critical path consists of the following:
	'add' operation of DSP[16] ('result', project1/project1.cpp:7) [16]  (1.76 ns)


============================================================
+ Verbose Summary: Binding
============================================================
N/A
* FSMD analyzer results:
  - Output states:
 - Input state : 
  - Chain level:
	State 1
	State 2
	State 3
	State 4


============================================================
+ Verbose Summary: Datapath Resource usage 
============================================================
N/A
