

================================================================
== Vitis HLS Report for 'lab1'
================================================================
* Date:           Sat Nov 18 18:08:43 2023

* Version:        2022.2 (Build 3670227 on Oct 13 2022)
* Project:        project1
* Solution:       solution1 (Vivado IP Flow Target)
* Product family: spartan7
* Target device:  xc7s100-fgga676-2


================================================================
== Performance Estimates
================================================================
+ Timing: 
    * Summary: 
    +--------+----------+----------+------------+
    |  Clock |  Target  | Estimated| Uncertainty|
    +--------+----------+----------+------------+
    |ap_clk  |  10.00 ns|  1.760 ns|     2.70 ns|
    +--------+----------+----------+------------+

+ Latency: 
    * Summary: 
    +---------+---------+-----------+-----------+-----+-----+---------+
    |  Latency (cycles) |   Latency (absolute)  |  Interval | Pipeline|
    |   min   |   max   |    min    |    max    | min | max |   Type  |
    +---------+---------+-----------+-----------+-----+-----+---------+
    |        3|        3|  30.000 ns|  30.000 ns|    4|    4|       no|
    +---------+---------+-----------+-----------+-----+-----+---------+

    + Detail: 
        * Instance: 
        N/A

        * Loop: 
        N/A



================================================================
== Utilization Estimates
================================================================
* Summary: 
+-----------------+---------+-----+--------+-------+-----+
|       Name      | BRAM_18K| DSP |   FF   |  LUT  | URAM|
+-----------------+---------+-----+--------+-------+-----+
|DSP              |        -|    1|       -|      -|    -|
|Expression       |        -|    -|       -|      -|    -|
|FIFO             |        -|    -|       -|      -|    -|
|Instance         |        -|    -|       -|      -|    -|
|Memory           |        -|    -|       -|      -|    -|
|Multiplexer      |        -|    -|       -|     27|    -|
|Register         |        -|    -|       4|      -|    -|
+-----------------+---------+-----+--------+-------+-----+
|Total            |        0|    1|       4|     27|    0|
+-----------------+---------+-----+--------+-------+-----+
|Available        |      240|  160|  128000|  64000|    0|
+-----------------+---------+-----+--------+-------+-----+
|Utilization (%)  |        0|   ~0|      ~0|     ~0|    0|
+-----------------+---------+-----+--------+-------+-----+

+ Detail: 
    * Instance: 
    N/A

    * DSP: 
    +-----------------------------------+--------------------------------+--------------+
    |              Instance             |             Module             |  Expression  |
    +-----------------------------------+--------------------------------+--------------+
    |mac_muladd_16s_16s_16ns_16_4_1_U1  |mac_muladd_16s_16s_16ns_16_4_1  |  i0 * i1 + i2|
    +-----------------------------------+--------------------------------+--------------+

    * Memory: 
    N/A

    * FIFO: 
    N/A

    * Expression: 
    N/A

    * Multiplexer: 
    +-----------+----+-----------+-----+-----------+
    |    Name   | LUT| Input Size| Bits| Total Bits|
    +-----------+----+-----------+-----+-----------+
    |ap_NS_fsm  |  27|          5|    1|          5|
    +-----------+----+-----------+-----+-----------+
    |Total      |  27|          5|    1|          5|
    +-----------+----+-----------+-----+-----------+

    * Register: 
    +-----------+---+----+-----+-----------+
    |    Name   | FF| LUT| Bits| Const Bits|
    +-----------+---+----+-----+-----------+
    |ap_CS_fsm  |  4|   0|    4|          0|
    +-----------+---+----+-----+-----------+
    |Total      |  4|   0|    4|          0|
    +-----------+---+----+-----+-----------+



================================================================
== Interface
================================================================
* Summary: 
+-----------+-----+-----+------------+--------------+--------------+
| RTL Ports | Dir | Bits|  Protocol  | Source Object|    C Type    |
+-----------+-----+-----+------------+--------------+--------------+
|ap_clk     |   in|    1|  ap_ctrl_hs|          lab1|  return value|
|ap_rst     |   in|    1|  ap_ctrl_hs|          lab1|  return value|
|ap_start   |   in|    1|  ap_ctrl_hs|          lab1|  return value|
|ap_done    |  out|    1|  ap_ctrl_hs|          lab1|  return value|
|ap_idle    |  out|    1|  ap_ctrl_hs|          lab1|  return value|
|ap_ready   |  out|    1|  ap_ctrl_hs|          lab1|  return value|
|ap_return  |  out|   16|  ap_ctrl_hs|          lab1|  return value|
|a          |   in|   16|     ap_none|             a|        scalar|
|b          |   in|   16|     ap_none|             b|        scalar|
|c          |   in|   16|     ap_none|             c|        scalar|
+-----------+-----+-----+------------+--------------+--------------+

============================================================
+ Verbose Summary: Synthesis Manager
============================================================
InlineROM: 1
ExposeGlobal: 0
============================================================
+ Verbose Summary: CDFG Model
============================================================
IsTopModel: 1
ResetActiveHigh: 1
IsCombinational: 2
IsDatapathOnly: 2
HasWiredReturn: 1
HasMFsm: 0
HasVarLatency: 1
IsPipeline: 0
IsRtlPipelined: 0
IsInstanceOverlapped: 0
IsDontTouch: 0
HasImplIP: 0
IsGatedGlobalClock: 0


============================================================
+ Verbose Summary: Schedule
============================================================
* Number of FSM states : 4
* Pipeline : 0
* Dataflow Pipeline: 0

* FSM state transitions: 
1 --> 2 
2 --> 3 
3 --> 4 
4 --> 

* FSM state operations: 

State 1 <SV = 0> <Delay = 1.38>
ST_1 : Operation 5 [1/1] (0.00ns)   --->   "%b_read = read i16 @_ssdm_op_Read.ap_auto.i16, i16 %b" [project1/project1.cpp:4]   --->   Operation 5 'read' 'b_read' <Predicate = true> <Delay = 0.00>
ST_1 : Operation 6 [1/1] (0.00ns)   --->   "%a_read = read i16 @_ssdm_op_Read.ap_auto.i16, i16 %a" [project1/project1.cpp:4]   --->   Operation 6 'read' 'a_read' <Predicate = true> <Delay = 0.00>
ST_1 : Operation 7 [3/3] (1.38ns) (grouped into DSP with root node result)   --->   "%mul_ln7 = mul i16 %b_read, i16 %a_read" [project1/project1.cpp:7]   --->   Operation 7 'mul' 'mul_ln7' <Predicate = true> <Delay = 1.38> <CoreInst = "DSP48">   --->   Core 119 'DSP48' <Latency = 3> <II = 1> <Delay = 1.82> <IPBlock> <Opcode : 'mul' 'add' 'sub' 'select'> <InPorts = 0> <OutPorts = 1> <Sync> <CReg>

State 2 <SV = 1> <Delay = 1.38>
ST_2 : Operation 8 [2/3] (1.38ns) (grouped into DSP with root node result)   --->   "%mul_ln7 = mul i16 %b_read, i16 %a_read" [project1/project1.cpp:7]   --->   Operation 8 'mul' 'mul_ln7' <Predicate = true> <Delay = 1.38> <CoreInst = "DSP48">   --->   Core 119 'DSP48' <Latency = 3> <II = 1> <Delay = 1.82> <IPBlock> <Opcode : 'mul' 'add' 'sub' 'select'> <InPorts = 0> <OutPorts = 1> <Sync> <CReg>

State 3 <SV = 2> <Delay = 1.76>
ST_3 : Operation 9 [1/1] (0.00ns)   --->   "%c_read = read i16 @_ssdm_op_Read.ap_auto.i16, i16 %c" [project1/project1.cpp:4]   --->   Operation 9 'read' 'c_read' <Predicate = true> <Delay = 0.00>
ST_3 : Operation 10 [1/3] (0.00ns) (grouped into DSP with root node result)   --->   "%mul_ln7 = mul i16 %b_read, i16 %a_read" [project1/project1.cpp:7]   --->   Operation 10 'mul' 'mul_ln7' <Predicate = true> <Delay = 0.00> <CoreInst = "DSP48">   --->   Core 119 'DSP48' <Latency = 3> <II = 1> <Delay = 1.82> <IPBlock> <Opcode : 'mul' 'add' 'sub' 'select'> <InPorts = 0> <OutPorts = 1> <Sync> <CReg>
ST_3 : Operation 11 [2/2] (1.76ns) (root node of the DSP)   --->   "%result = add i16 %mul_ln7, i16 %c_read" [project1/project1.cpp:7]   --->   Operation 11 'add' 'result' <Predicate = true> <Delay = 1.76> <CoreInst = "DSP48">   --->   Core 119 'DSP48' <Latency = 3> <II = 1> <Delay = 1.82> <IPBlock> <Opcode : 'mul' 'add' 'sub' 'select'> <InPorts = 0> <OutPorts = 1> <Sync> <CReg>

State 4 <SV = 3> <Delay = 1.76>
ST_4 : Operation 12 [1/1] (0.00ns)   --->   "%specbitsmap_ln0 = specbitsmap void @_ssdm_op_SpecBitsMap, i16 0"   --->   Operation 12 'specbitsmap' 'specbitsmap_ln0' <Predicate = true> <Delay = 0.00>
ST_4 : Operation 13 [1/1] (0.00ns)   --->   "%spectopmodule_ln4 = spectopmodule void @_ssdm_op_SpecTopModule, void @empty_1" [project1/project1.cpp:4]   --->   Operation 13 'spectopmodule' 'spectopmodule_ln4' <Predicate = true> <Delay = 0.00>
ST_4 : Operation 14 [1/1] (0.00ns)   --->   "%specbitsmap_ln0 = specbitsmap void @_ssdm_op_SpecBitsMap, i16 %a"   --->   Operation 14 'specbitsmap' 'specbitsmap_ln0' <Predicate = true> <Delay = 0.00>
ST_4 : Operation 15 [1/1] (0.00ns)   --->   "%specinterface_ln0 = specinterface void @_ssdm_op_SpecInterface, i16 %a, void @empty, i32 0, i32 0, void @empty_0, i32 0, i32 0, void @empty_0, void @empty_0, void @empty_0, i32 0, i32 0, i32 0, i32 0, void @empty_0, void @empty_0, i32 4294967295, i32 0"   --->   Operation 15 'specinterface' 'specinterface_ln0' <Predicate = true> <Delay = 0.00>
ST_4 : Operation 16 [1/1] (0.00ns)   --->   "%specbitsmap_ln0 = specbitsmap void @_ssdm_op_SpecBitsMap, i16 %b"   --->   Operation 16 'specbitsmap' 'specbitsmap_ln0' <Predicate = true> <Delay = 0.00>
ST_4 : Operation 17 [1/1] (0.00ns)   --->   "%specinterface_ln0 = specinterface void @_ssdm_op_SpecInterface, i16 %b, void @empty, i32 0, i32 0, void @empty_0, i32 0, i32 0, void @empty_0, void @empty_0, void @empty_0, i32 0, i32 0, i32 0, i32 0, void @empty_0, void @empty_0, i32 4294967295, i32 0"   --->   Operation 17 'specinterface' 'specinterface_ln0' <Predicate = true> <Delay = 0.00>
ST_4 : Operation 18 [1/1] (0.00ns)   --->   "%specbitsmap_ln0 = specbitsmap void @_ssdm_op_SpecBitsMap, i16 %c"   --->   Operation 18 'specbitsmap' 'specbitsmap_ln0' <Predicate = true> <Delay = 0.00>
ST_4 : Operation 19 [1/1] (0.00ns)   --->   "%specinterface_ln0 = specinterface void @_ssdm_op_SpecInterface, i16 %c, void @empty, i32 0, i32 0, void @empty_0, i32 0, i32 0, void @empty_0, void @empty_0, void @empty_0, i32 0, i32 0, i32 0, i32 0, void @empty_0, void @empty_0, i32 4294967295, i32 0"   --->   Operation 19 'specinterface' 'specinterface_ln0' <Predicate = true> <Delay = 0.00>
ST_4 : Operation 20 [1/2] (1.76ns) (root node of the DSP)   --->   "%result = add i16 %mul_ln7, i16 %c_read" [project1/project1.cpp:7]   --->   Operation 20 'add' 'result' <Predicate = true> <Delay = 1.76> <CoreInst = "DSP48">   --->   Core 119 'DSP48' <Latency = 3> <II = 1> <Delay = 1.82> <IPBlock> <Opcode : 'mul' 'add' 'sub' 'select'> <InPorts = 0> <OutPorts = 1> <Sync> <CReg>
ST_4 : Operation 21 [1/1] (0.00ns)   --->   "%ret_ln8 = ret i16 %result" [project1/project1.cpp:8]   --->   Operation 21 'ret' 'ret_ln8' <Predicate = true> <Delay = 0.00>


============================================================
+ Verbose Summary: Binding
============================================================
STG Binding: 
---------------- STG Properties BEGIN ----------------
- Is combinational: 0
- Is one-state seq: 0
- Is datapath-only: 0
- Is pipelined: 0
- Is top level: 1
Port [ Return ] is wired: 1; IO mode=ap_ctrl_hs:ce=0
Port [ a]:  wired=1; compound=0; hidden=0; nouse=0; global=0; static=0; extern=0; dir=0; type=0; pingpong=0; private_global=0; IO mode=ap_none:ce=0
Port [ b]:  wired=1; compound=0; hidden=0; nouse=0; global=0; static=0; extern=0; dir=0; type=0; pingpong=0; private_global=0; IO mode=ap_none:ce=0
Port [ c]:  wired=1; compound=0; hidden=0; nouse=0; global=0; static=0; extern=0; dir=0; type=0; pingpong=0; private_global=0; IO mode=ap_none:ce=0
---------------- STG Properties END ------------------

---------------- Datapath Model BEGIN ----------------

<LifeTime>
<method=bitvector/>
b_read            (read         ) [ 00110]
a_read            (read         ) [ 00110]
c_read            (read         ) [ 00001]
mul_ln7           (mul          ) [ 00001]
specbitsmap_ln0   (specbitsmap  ) [ 00000]
spectopmodule_ln4 (spectopmodule) [ 00000]
specbitsmap_ln0   (specbitsmap  ) [ 00000]
specinterface_ln0 (specinterface) [ 00000]
specbitsmap_ln0   (specbitsmap  ) [ 00000]
specinterface_ln0 (specinterface) [ 00000]
specbitsmap_ln0   (specbitsmap  ) [ 00000]
specinterface_ln0 (specinterface) [ 00000]
result            (add          ) [ 00000]
ret_ln8           (ret          ) [ 00000]
</LifeTime>

<model>

<comp_list>
<comp id="0" class="1000" name="a">
<pin_list>
<pin id="1" dir="1" index="0" bw="1" slack="0"/>
</pin_list>
<bind>
<StgValue><ssdm name="a"/></StgValue>
</bind>
</comp>

<comp id="2" class="1000" name="b">
<pin_list>
<pin id="3" dir="1" index="0" bw="1" slack="0"/>
</pin_list>
<bind>
<StgValue><ssdm name="b"/></StgValue>
</bind>
</comp>

<comp id="4" class="1000" name="c">
<pin_list>
<pin id="5" dir="1" index="0" bw="1" slack="0"/>
</pin_list>
<bind>
<StgValue><ssdm name="c"/></StgValue>
</bind>
</comp>

<comp id="6" class="1001" name="const_6">
<pin_list>
<pin id="7" dir="1" index="0" bw="1" slack="0"/>
</pin_list>
<bind>
<StgValue><ssdm name="_ssdm_op_Read.ap_auto.i16"/></StgValue>
</bind>
</comp>

<comp id="8" class="1001" name="const_8">
<pin_list>
<pin id="9" dir="1" index="0" bw="1" slack="2147483647"/>
</pin_list>
<bind>
<StgValue><ssdm name="_ssdm_op_SpecBitsMap"/></StgValue>
</bind>
</comp>

<comp id="10" class="1001" name="const_10">
<pin_list>
<pin id="11" dir="1" index="0" bw="1" slack="2147483647"/>
</pin_list>
<bind>
<StgValue><ssdm name=""/></StgValue>
</bind>
</comp>

<comp id="12" class="1001" name="const_12">
<pin_list>
<pin id="13" dir="1" index="0" bw="1" slack="2147483647"/>
</pin_list>
<bind>
<StgValue><ssdm name="_ssdm_op_SpecTopModule"/></StgValue>
</bind>
</comp>

<comp id="14" class="1001" name="const_14">
<pin_list>
<pin id="15" dir="1" index="0" bw="1" slack="2147483647"/>
</pin_list>
<bind>
<StgValue><ssdm name="empty_1"/></StgValue>
</bind>
</comp>

<comp id="16" class="1001" name="const_16">
<pin_list>
<pin id="17" dir="1" index="0" bw="1" slack="2147483647"/>
</pin_list>
<bind>
<StgValue><ssdm name="_ssdm_op_SpecInterface"/></StgValue>
</bind>
</comp>

<comp id="18" class="1001" name="const_18">
<pin_list>
<pin id="19" dir="1" index="0" bw="1" slack="2147483647"/>
</pin_list>
<bind>
<StgValue><ssdm name="empty"/></StgValue>
</bind>
</comp>

<comp id="20" class="1001" name="const_20">
<pin_list>
<pin id="21" dir="1" index="0" bw="1" slack="2147483647"/>
</pin_list>
<bind>
<StgValue><ssdm name=""/></StgValue>
</bind>
</comp>

<comp id="22" class="1001" name="const_22">
<pin_list>
<pin id="23" dir="1" index="0" bw="1" slack="2147483647"/>
</pin_list>
<bind>
<StgValue><ssdm name="empty_0"/></StgValue>
</bind>
</comp>

<comp id="24" class="1001" name="const_24">
<pin_list>
<pin id="25" dir="1" index="0" bw="1" slack="2147483647"/>
</pin_list>
<bind>
<StgValue><ssdm name=""/></StgValue>
</bind>
</comp>

<comp id="26" class="1004" name="b_read_read_fu_26">
<pin_list>
<pin id="27" dir="0" index="0" bw="16" slack="0"/>
<pin id="28" dir="0" index="1" bw="16" slack="0"/>
<pin id="29" dir="1" index="2" bw="16" slack="0"/>
</pin_list>
<bind>
<opcode="read(1150) " fcode="read"/>
<opset="b_read/1 "/>
</bind>
</comp>

<comp id="32" class="1004" name="a_read_read_fu_32">
<pin_list>
<pin id="33" dir="0" index="0" bw="16" slack="0"/>
<pin id="34" dir="0" index="1" bw="16" slack="0"/>
<pin id="35" dir="1" index="2" bw="16" slack="0"/>
</pin_list>
<bind>
<opcode="read(1150) " fcode="read"/>
<opset="a_read/1 "/>
</bind>
</comp>

<comp id="38" class="1004" name="c_read_read_fu_38">
<pin_list>
<pin id="39" dir="0" index="0" bw="16" slack="0"/>
<pin id="40" dir="0" index="1" bw="16" slack="0"/>
<pin id="41" dir="1" index="2" bw="16" slack="0"/>
</pin_list>
<bind>
<opcode="read(1150) " fcode="read"/>
<opset="c_read/3 "/>
</bind>
</comp>

<comp id="44" class="1007" name="grp_fu_44">
<pin_list>
<pin id="45" dir="0" index="0" bw="16" slack="0"/>
<pin id="46" dir="0" index="1" bw="16" slack="0"/>
<pin id="47" dir="0" index="2" bw="16" slack="0"/>
<pin id="48" dir="1" index="3" bw="16" slack="2147483647"/>
</pin_list>
<bind>
<opcode="muladd(1172) " fcode="muladd"/>
<opset="mul_ln7/1 result/3 "/>
</bind>
</comp>

<comp id="52" class="1005" name="b_read_reg_52">
<pin_list>
<pin id="53" dir="0" index="0" bw="16" slack="1"/>
<pin id="54" dir="1" index="1" bw="16" slack="1"/>
</pin_list>
<bind>
<opset="b_read "/>
</bind>
</comp>

<comp id="57" class="1005" name="a_read_reg_57">
<pin_list>
<pin id="58" dir="0" index="0" bw="16" slack="1"/>
<pin id="59" dir="1" index="1" bw="16" slack="1"/>
</pin_list>
<bind>
<opset="a_read "/>
</bind>
</comp>

<comp id="62" class="1005" name="c_read_reg_62">
<pin_list>
<pin id="63" dir="0" index="0" bw="16" slack="1"/>
<pin id="64" dir="1" index="1" bw="16" slack="1"/>
</pin_list>
<bind>
<opset="c_read "/>
</bind>
</comp>

</comp_list>

<net_list>
<net id="30"><net_src comp="6" pin="0"/><net_sink comp="26" pin=0"/></net>

<net id="31"><net_src comp="2" pin="0"/><net_sink comp="26" pin=1"/></net>

<net id="36"><net_src comp="6" pin="0"/><net_sink comp="32" pin=0"/></net>

<net id="37"><net_src comp="0" pin="0"/><net_sink comp="32" pin=1"/></net>

<net id="42"><net_src comp="6" pin="0"/><net_sink comp="38" pin=0"/></net>

<net id="43"><net_src comp="4" pin="0"/><net_sink comp="38" pin=1"/></net>

<net id="49"><net_src comp="26" pin="2"/><net_sink comp="44" pin=0"/></net>

<net id="50"><net_src comp="32" pin="2"/><net_sink comp="44" pin=1"/></net>

<net id="51"><net_src comp="38" pin="2"/><net_sink comp="44" pin=2"/></net>

<net id="55"><net_src comp="26" pin="2"/><net_sink comp="52" pin=0"/></net>

<net id="56"><net_src comp="52" pin="1"/><net_sink comp="44" pin=0"/></net>

<net id="60"><net_src comp="32" pin="2"/><net_sink comp="57" pin=0"/></net>

<net id="61"><net_src comp="57" pin="1"/><net_sink comp="44" pin=1"/></net>

<net id="65"><net_src comp="38" pin="2"/><net_sink comp="62" pin=0"/></net>

<net id="66"><net_src comp="62" pin="1"/><net_sink comp="44" pin=1"/></net>

</net_list>

</model> 
---------------- Datapath Model END ------------------

* FSMD analyzer results:
  - Output states:
 - Input state : 
	Port: lab1 : a | {1 }
	Port: lab1 : b | {1 }
	Port: lab1 : c | {3 }
  - Chain level:
	State 1
	State 2
	State 3
		result : 1
	State 4
		ret_ln8 : 1


============================================================
+ Verbose Summary: Datapath Resource usage 
============================================================

* Functional unit list:
|----------|-------------------|---------|
| Operation|  Functional Unit  |   DSP   |
|----------|-------------------|---------|
|  muladd  |     grp_fu_44     |    1    |
|----------|-------------------|---------|
|          | b_read_read_fu_26 |    0    |
|   read   | a_read_read_fu_32 |    0    |
|          | c_read_read_fu_38 |    0    |
|----------|-------------------|---------|
|   Total  |                   |    1    |
|----------|-------------------|---------|

Memories:
N/A

* Register list:
+-------------+--------+
|             |   FF   |
+-------------+--------+
|a_read_reg_57|   16   |
|b_read_reg_52|   16   |
|c_read_reg_62|   16   |
+-------------+--------+
|    Total    |   48   |
+-------------+--------+

* Multiplexer (MUX) list: 
|-----------|------|------|------|--------||---------||---------|
|    Comp   |  Pin | Size |  BW  | S x BW ||  Delay  ||   LUT   |
|-----------|------|------|------|--------||---------||---------|
| grp_fu_44 |  p0  |   2  |  16  |   32   ||    9    |
| grp_fu_44 |  p1  |   3  |  16  |   48   ||    15   |
|-----------|------|------|------|--------||---------||---------|
|   Total   |      |      |      |   80   || 2.73175 ||    24   |
|-----------|------|------|------|--------||---------||---------|



* Summary:
+-----------+--------+--------+--------+--------+
|           |   DSP  |  Delay |   FF   |   LUT  |
+-----------+--------+--------+--------+--------+
|  Function |    1   |    -   |    -   |    -   |
|   Memory  |    -   |    -   |    -   |    -   |
|Multiplexer|    -   |    2   |    -   |   24   |
|  Register |    -   |    -   |   48   |    -   |
+-----------+--------+--------+--------+--------+
|   Total   |    1   |    2   |   48   |   24   |
+-----------+--------+--------+--------+--------+
